<?xml version="1.0" encoding="UTF-8"?>
<testng-results skipped="0" failed="0" total="1" passed="1">
  <reporter-output>
  </reporter-output>
  <suite name="Suite" duration-ms="4092" started-at="2016-10-23T12:53:18Z" finished-at="2016-10-23T12:53:22Z">
    <groups>
    </groups>
    <test name="Test" duration-ms="4092" started-at="2016-10-23T12:53:18Z" finished-at="2016-10-23T12:53:22Z">
      <class name="com.test.one.Test">
        <test-method status="PASS" signature="beforeClass()[pri:0, instance:com.test.one.Test@2a18f23c]" name="beforeClass" is-config="true" duration-ms="25" started-at="2016-10-23T20:53:18Z" finished-at="2016-10-23T20:53:18Z">
          <reporter-output>
          </reporter-output>
        </test-method> <!-- beforeClass -->
        <test-method status="PASS" signature="runBeforeMethod()[pri:0, instance:com.test.one.Test@2a18f23c]" name="runBeforeMethod" is-config="true" duration-ms="1054" started-at="2016-10-23T20:53:20Z" finished-at="2016-10-23T20:53:21Z">
          <reporter-output>
          </reporter-output>
        </test-method> <!-- runBeforeMethod -->
        <test-method status="PASS" signature="f(java.util.Map)[pri:0, instance:com.test.one.Test@2a18f23c]" name="f" duration-ms="679" started-at="2016-10-23T20:53:21Z" data-provider="AttentionTrainingCamp" finished-at="2016-10-23T20:53:22Z">
          <params>
            <param index="0">
              <value>
                <![CDATA[{=, LoginName=18720978269, PassWord=123456}]]>
              </value>
            </param>
          </params>
          <reporter-output>
          </reporter-output>
        </test-method> <!-- f -->
        <test-method status="PASS" signature="runAfterMethod()[pri:0, instance:com.test.one.Test@2a18f23c]" name="runAfterMethod" is-config="true" duration-ms="1" started-at="2016-10-23T20:53:22Z" finished-at="2016-10-23T20:53:22Z">
          <reporter-output>
          </reporter-output>
        </test-method> <!-- runAfterMethod -->
      </class> <!-- com.test.one.Test -->
    </test> <!-- Test -->
  </suite> <!-- Suite -->
</testng-results>
